# Output to smry.out: Summary of the calculation
# Mach =   0.750000
# Alpha =   0.500000
# CL =   0.631783
# CM =  -0.142922
# Cp* =  -0.603170
# DELTA =   0.121099
# K =   2.383178
# DOUBLET STRENGTH =   0.643065
# CPFACT =   0.303714
# CDFACT =   0.036779
# CMFACT =   0.303714
# CLFACT =   0.303714
# YFACT =   2.333938
# VFACT =   6.938458
# SONVEL =   0.992991
# ABORT1 =   0.000000
# BCTYPE =   1.000000
# FCR =   1.000000
# KUTTA =   1.000000
# PHYS =   1.000000
# SIMDEF =   3.000000
# SCALED POR =   0.000000
0 PRINTOUT IN PHYSICAL VARIABLES. 
0 DEFINITION OF SIMILARITY PARAMETERS BY KRUPP
0 BOUNDARY CONDITION FOR FREE AIR
0 DIFFERENCE EQUATIONS ARE FULLY CONSERVATIVE.
0 KUTTA CONDITION IS ENFORCED.
0
 INVISCID WAKE PROFILES FOR INDIVIDUAL SHOCK WAVES WITHIN MOMENTUM CONTOUR

SHOCK  1
 WAVE DRAG FOR THIS SHOCK=    0.003713
      Y         CD(Y)        PO/POINF
   0.00000000  0.02772563  0.98193887
   0.00583486  0.02732439  0.98220025
   0.02333943  0.02614393  0.98296923
   0.05251371  0.02212902  0.98558463
   0.09335770  0.01806214  0.98823390
   0.14587141  0.01131633  0.99262827
   0.21005484  0.00517614  0.99662814
   0.28590795  0.00165690  0.99892066

 SHOCK WAVE EXTENDS OUTSIDE CONTOUR
 PRINTOUT OF SHOCK LOSSES ARE NOT AVAILABLE FOR REST OF SHOCK
1 CALCULATION OF DRAG COEFFICIENT BY MOMENTUM INTEGRAL METHOD
  BOUNDARIES OF CONTOUR USED CONTRIBUTION TO CD
 UPSTREAM    X =   -1.250001  CDUP   =   -0.000464
 DOWNSTREAM  X =    2.026076  CDDOWN =    0.000502
 TOP         Y =    8.874800  CDTOP  =   -0.000025
 BOTTOM      Y =   -8.874800  CDBOT  =    0.000000

Number of shock inside contour, N =        1
Body aft location,              X =          2.026076078
Drag due to body,               CD_body =    0.000000000
Drag due to shock,              CD_wave =    0.003713334
Drag by momentum integral,      CD_int =     0.000012516
Total drag (CD_int + CD_wave),  CD =         0.003725851

NOTE - One or more shocks extend outside of contour, CD_wave does not equal total wave drag
