

          SCALED POR=   0.00000
1
   WE =  1.9500     EPS =   0.2000     MAXIT FOR THIS MESH = 9999

  ITER     CL        CM    IERR JERR    ERROR
   IRL  JRL    BIGRL        ERCIRC
    1   0.01235  -0.01007  133   41   0.3516E-01  52  40   0.1932E+05   0.0000E+00
  100   0.53894  -0.14816  117   41   0.4099E-02  52  40   0.1950E+05   0.9226E-03
  200   0.51974  -0.12702   60   41   0.1082E-02  52  40   0.8664E+04   0.9954E-04
  300   0.53318  -0.12729   60   41   0.1089E-02  52  40   0.4171E+04   0.2674E-03
  400   0.54886  -0.12911  102   40   0.3442E-03  52  40   0.2758E+04   0.2415E-03
  500   0.56219  -0.13084  102   40   0.2740E-03  52  40   0.2057E+04   0.1981E-03
  600   0.57294  -0.13231  102   40   0.2195E-03  52  40   0.1608E+04   0.1585E-03
  700   0.58162  -0.13353  102   40   0.1793E-03  52  40   0.1291E+04   0.1291E-03
  800   0.58867  -0.13459  102   40   0.1466E-03  52  40   0.1055E+04   0.1043E-03
  900   0.59441  -0.13550  102   40   0.1223E-03  52  40   0.8729E+03   0.8571E-04
 1000   0.59916  -0.13628  102   40   0.1022E-03  52  40   0.7295E+03   0.7212E-04
 1100   0.60317  -0.13696  102   40   0.8711E-04  52  40   0.6158E+03   0.6068E-04
 1200   0.60658  -0.13755  102   40   0.7400E-04  52  40   0.5232E+03   0.5150E-04
 1300   0.60943  -0.13806  102   40   0.6295E-04  52  40   0.4472E+03   0.4280E-04
 1400   0.61184  -0.13851  102   40   0.5397E-04  52  40   0.3816E+03   0.3648E-04
 1500   0.61388  -0.13889  102   40   0.4624E-04  52  40   0.3282E+03   0.3123E-04
 1600   0.61564  -0.13922  102   40   0.4031E-04  52  40   0.2797E+03   0.2730E-04
 1700   0.61715  -0.13951  103   40   0.3427E-04  52  40   0.2437E+03   0.2289E-04
 1800   0.61845  -0.13976  102   40   0.2985E-04  52  40   0.2105E+03   0.2050E-04
 1900   0.61957  -0.13997  102   40   0.2594E-04  52  40   0.1819E+03   0.1764E-04
 2000   0.62055  -0.14016  100   40   0.2242E-04  52  40   0.1627E+03   0.1514E-04
 2100   0.62141  -0.14033  103   40   0.1953E-04  52  40   0.1366E+03   0.1335E-04
 2200   0.62217  -0.14048  102   40   0.1697E-04  52  40   0.1200E+03   0.1168E-04
 2300   0.62282  -0.14060  100   40   0.1500E-04  52  40   0.1044E+03   0.9894E-05
 2400   0.62339  -0.14071  102   40   0.1288E-04  52  40   0.8726E+02   0.8702E-05
 2500   0.62388  -0.14081  103   36   0.1095E-04  52  40   0.7817E+02   0.7510E-05
 2600   0.62431  -0.14088   55   41   0.1055E-04  52  40   0.6902E+02   0.6199E-05
 2700   0.62479  -0.14122   46   42   0.1073E-02  52  42   0.2700E+04   0.5007E-05
 2800   0.62582  -0.14169   59   41   0.2100E-01  53  41   0.1334E+05   0.1323E-04
 2900   0.62666  -0.14166   48   41   0.3503E-02  53  42   0.6186E+04   0.1895E-04
 3000   0.62725  -0.14178   60   41   0.4821E-03  52  41   0.1025E+04   0.2980E-05
 3100   0.62797  -0.14180   49   41   0.3456E-02  52  41   0.2120E+04   0.1705E-04
 3200   0.62848  -0.14217   51   42   0.6981E-03  52  42   0.2540E+04   0.2623E-05
 3300   0.62907  -0.14207   55   41   0.2946E-02  54  41   0.2194E+04   0.9060E-05
 3400   0.62934  -0.14221   66   41   0.5877E-02  53  41   0.1064E+05   0.1049E-04
 3500   0.62963  -0.14233   59   41   0.4727E-03  52  43   0.1119E+04   0.4768E-05
 3600   0.62989  -0.14241   51   42   0.2467E-02  52  42   0.1439E+05   0.9298E-05
 3700   0.63017  -0.14255   56   41   0.8078E-03  52  42   0.2525E+04   0.1621E-04
 3800   0.63073  -0.14236   60   41   0.1382E-01  52  41   0.1464E+05   0.2027E-05
 3900   0.63079  -0.14257   57   41   0.5451E-02  53  41   0.1092E+05   0.1025E-04
 4000   0.63103  -0.14264   60   41   0.9034E-03  52  43   0.1167E+04   0.5960E-06
 4100   0.63119  -0.14257   56   41   0.3469E-02  52  41   0.1800E+05   0.4637E-04
 4200   0.63095  -0.14259   50   42   0.2451E-02  51  42   0.7162E+04   0.1049E-04
 4300   0.63093  -0.14252   50   41   0.3125E-02  52  41   0.8842E+04   0.9656E-05
 4400   0.63095  -0.14254   50   41   0.3525E-02  52  41   0.1265E+05   0.3934E-05
 4500   0.63116  -0.14308   59   41   0.2597E-01  57  41   0.5544E+04   0.1192E-06
 4600   0.63132  -0.14272   59   41   0.6537E-03  52  42   0.1515E+04   0.5841E-05
 4700   0.63135  -0.14267   55   42   0.7155E-03  52  42   0.2251E+04   0.1180E-04
 4800   0.63148  -0.14278   55   41   0.1708E-02  52  43   0.2083E+04   0.9656E-05
 4900   0.63170  -0.14261   48   41   0.3489E-02  52  42   0.4720E+04   0.3493E-04
 5000   0.63174  -0.14324   60   41   0.3033E-01  57  41   0.6323E+04   0.2205E-04
 5100   0.63172  -0.14269   57   41   0.4946E-02  53  41   0.1206E+05   0.1419E-04
 5200   0.63169  -0.14277   46   42   0.8366E-03  52  42   0.2596E+04   0.1359E-04
 5300   0.63171  -0.14279   49   41   0.3541E-02  52  42   0.3144E+04   0.7629E-05
 5400   0.63150  -0.14268   47   42   0.7161E-03  52  42   0.2515E+04   0.1621E-04
 5500   0.63152  -0.14272   50   41   0.3460E-02  50  41   0.3087E+04   0.1740E-04
 5600   0.63162  -0.14281   47   42   0.8411E-03  52  42   0.2498E+04   0.2563E-04
 5700   0.63182  -0.14258   51   41   0.2250E-02  51  41   0.1661E+05   0.3612E-04
 5800   0.63187  -0.14272   48   41   0.2682E-02  52  42   0.7995E+04   0.1311E-04
 5900   0.63191  -0.14286   46   42   0.9991E-03  52  42   0.2820E+04   0.5364E-05
 6000   0.63191  -0.14269   50   41   0.3126E-02  51  41   0.8139E+04   0.4148E-04
 6100   0.63185  -0.14279   48   41   0.3691E-02  52  42   0.1187E+05   0.1609E-04
 6200   0.63190  -0.14249   59   41   0.1022E-01  54  41   0.7122E+04   0.1264E-04
 6300   0.63177  -0.14288   48   42   0.1397E-02  52  42   0.2570E+04   0.3099E-04
 6400   0.63193  -0.14276   48   41   0.2672E-02  52  42   0.9108E+04   0.1991E-04
 6500   0.63196  -0.14282   56   41   0.4092E-02  52  41   0.1579E+05   0.7010E-04
 6600   0.63189  -0.14290   50   42   0.2454E-02  51  42   0.3005E+04   0.1097E-04
 6700   0.63183  -0.14415   61   41   0.5192E-01  57  41   0.1177E+05   0.5960E-06
 6800   0.63167  -0.14263   49   41   0.3907E-02  51  41   0.6796E+04   0.3088E-04
 6900   0.63166  -0.14271   60   41   0.7930E-03  52  42   0.2328E+04   0.1693E-04
 7000   0.63173  -0.14264   51   41   0.2216E-02  51  41   0.1623E+05   0.1824E-04
 7100   0.63162  -0.14272   50   42   0.1636E-02  51  42   0.3390E+04   0.1025E-04
 7200   0.63154  -0.14281   56   41   0.8429E-03  52  42   0.2561E+04   0.1693E-04
 7300   0.63165  -0.14271   60   41   0.4517E-03  52  43   0.1126E+04   0.4768E-06
 7400   0.63184  -0.14260   60   41   0.8657E-02  54  41   0.8418E+04   0.5126E-05
 7500   0.63204  -0.14269   57   42   0.2181E-02  51  41   0.1500E+05   0.5054E-04
 7600   0.63198  -0.14239   60   41   0.1151E-01  54  41   0.7333E+04   0.1097E-04
 7700   0.63200  -0.14277   57   41   0.5684E-02  53  41   0.1044E+05   0.1478E-04
 7800   0.63180  -0.14292   48   41   0.4000E-02  52  42   0.1515E+05   0.3123E-04
 7900   0.63176  -0.14277   59   41   0.5738E-03  52  42   0.1334E+04   0.6557E-05
 8000   0.63183  -0.14285   60   41   0.9768E-03  52  42   0.1993E+04   0.1073E-04
 8100   0.63210  -0.14279   49   41   0.3476E-02  52  42   0.3754E+04   0.1192E-04
 8200   0.63218  -0.14284   61   41   0.1646E-02  52  43   0.1060E+04   0.1538E-04
 8300   0.63191  -0.14255   59   41   0.8464E-02  54  41   0.8054E+04   0.4411E-05
 8400   0.63170  -0.14262   51   43   0.4347E-03  52  43   0.1243E+04   0.9656E-05
 8500   0.63162  -0.14278   59   41   0.6839E-03  52  42   0.1850E+04   0.1907E-05
 8600   0.63170  -0.14283   56   41   0.3795E-02  52  41   0.1449E+05   0.3731E-04
 8700   0.63184  -0.14273   58   41   0.8839E-02  53  41   0.1085E+05   0.2396E-04
 8800   0.63178  -0.14280   59   41   0.5572E-03  52  42   0.1222E+04   0.3576E-06
 8900   0.63172  -0.14264   57   41   0.8058E-02  57  41   0.1996E+04   0.1609E-04
 9000   0.63163  -0.14264   51   43   0.4503E-03  52  43   0.1277E+04   0.1860E-04
 9100   0.63166  -0.14263   55   41   0.7738E-03  52  44   0.7262E+03   0.8225E-05
 9200   0.63168  -0.14266   55   41   0.1016E-02  52  42   0.2123E+04   0.1490E-04
 9300   0.63157  -0.14272   49   41   0.3392E-02  53  42   0.4663E+04   0.7153E-05
 9400   0.63147  -0.14266   60   41   0.4660E-03  52  43   0.1157E+04   0.3815E-05
 9500   0.63155  -0.14265   56   41   0.3652E-02  52  41   0.1685E+05   0.3588E-04
 9600   0.63162  -0.14286   58   41   0.1481E-01  52  41   0.2706E+04   0.2527E-04
 9700   0.63173  -0.14277   56   41   0.2347E-02  52  41   0.1890E+05   0.4351E-04
 9800   0.63188  -0.14267   61   41   0.1161E-02  52  43   0.9476E+03   0.1669E-04
 9900   0.63193  -0.14270   51   41   0.2383E-02  51  41   0.1788E+05   0.1562E-04


                    ******  ITERATION LIMIT REACHED  ******
